<?xml version="1.0" encoding="UTF-8"?>
<testng-results ignored="0" total="8" passed="7" failed="1" skipped="0">
  <reporter-output>
  </reporter-output>
  <suite started-at="2022-07-26T05:20:48Z" name="Suite pruebas de regresión" finished-at="2022-07-26T05:26:00Z" duration-ms="311987">
    <groups>
    </groups>
    <test started-at="2022-07-26T05:20:48Z" name="Casos de prueba" finished-at="2022-07-26T05:26:00Z" duration-ms="311987">
      <class name="test.test2">
        <test-method is-config="true" signature="preparacion()[pri:0, instance:test.test2@5495333e]" started-at="2022-07-26T05:24:16Z" name="preparacion" finished-at="2022-07-26T05:24:16Z" duration-ms="335" status="PASS">
          <reporter-output>
          </reporter-output>
        </test-method> <!-- preparacion -->
        <test-method signature="FilterLTH()[pri:0, instance:test.test2@5495333e]" started-at="2022-07-26T05:24:16Z" name="FilterLTH" finished-at="2022-07-26T05:24:33Z" duration-ms="16687" status="PASS">
          <reporter-output>
          </reporter-output>
        </test-method> <!-- FilterLTH -->
        <test-method is-config="true" signature="preparacion()[pri:0, instance:test.test2@5495333e]" started-at="2022-07-26T05:24:33Z" name="preparacion" finished-at="2022-07-26T05:24:33Z" duration-ms="98" status="PASS">
          <reporter-output>
          </reporter-output>
        </test-method> <!-- preparacion -->
        <test-method signature="logOut()[pri:0, instance:test.test2@5495333e]" started-at="2022-07-26T05:24:33Z" name="logOut" finished-at="2022-07-26T05:24:52Z" duration-ms="18634" status="PASS">
          <reporter-output>
          </reporter-output>
        </test-method> <!-- logOut -->
        <test-method is-config="true" signature="preparacion()[pri:0, instance:test.test2@5495333e]" started-at="2022-07-26T05:24:52Z" name="preparacion" finished-at="2022-07-26T05:24:52Z" duration-ms="83" status="PASS">
          <reporter-output>
          </reporter-output>
        </test-method> <!-- preparacion -->
        <test-method signature="prodDetails()[pri:0, instance:test.test2@5495333e]" started-at="2022-07-26T05:24:52Z" name="prodDetails" finished-at="2022-07-26T05:25:17Z" duration-ms="24801" status="PASS">
          <reporter-output>
          </reporter-output>
        </test-method> <!-- prodDetails -->
        <test-method is-config="true" signature="preparacion()[pri:0, instance:test.test2@5495333e]" started-at="2022-07-26T05:25:17Z" name="preparacion" finished-at="2022-07-26T05:25:17Z" duration-ms="109" status="PASS">
          <reporter-output>
          </reporter-output>
        </test-method> <!-- preparacion -->
        <test-method signature="removeFromCart()[pri:0, instance:test.test2@5495333e]" started-at="2022-07-26T05:25:17Z" name="removeFromCart" finished-at="2022-07-26T05:26:00Z" duration-ms="43023" status="PASS">
          <reporter-output>
          </reporter-output>
        </test-method> <!-- removeFromCart -->
      </class> <!-- test.test2 -->
      <class name="test.test">
        <test-method is-config="true" signature="Starting()[pri:0, instance:test.test@7c51f34b]" started-at="2022-07-26T05:20:48Z" name="Starting" finished-at="2022-07-26T05:20:50Z" duration-ms="2560" status="PASS">
          <reporter-output>
          </reporter-output>
        </test-method> <!-- Starting -->
        <test-method is-config="true" signature="Starting()[pri:0, instance:test.test2@5495333e]" started-at="2022-07-26T05:20:50Z" name="Starting" finished-at="2022-07-26T05:20:53Z" duration-ms="2257" status="PASS">
          <reporter-output>
          </reporter-output>
        </test-method> <!-- Starting -->
        <test-method is-config="true" signature="preparacion()[pri:0, instance:test.test@7c51f34b]" started-at="2022-07-26T05:20:53Z" name="preparacion" finished-at="2022-07-26T05:20:54Z" duration-ms="857" status="PASS">
          <reporter-output>
          </reporter-output>
        </test-method> <!-- preparacion -->
        <test-method signature="LOGIN()[pri:0, instance:test.test@7c51f34b]" started-at="2022-07-26T05:20:54Z" name="LOGIN" finished-at="2022-07-26T05:21:10Z" duration-ms="16581" status="PASS">
          <reporter-output>
          </reporter-output>
        </test-method> <!-- LOGIN -->
        <test-method is-config="true" signature="preparacion()[pri:0, instance:test.test@7c51f34b]" started-at="2022-07-26T05:21:10Z" name="preparacion" finished-at="2022-07-26T05:21:10Z" duration-ms="107" status="PASS">
          <reporter-output>
          </reporter-output>
        </test-method> <!-- preparacion -->
        <test-method signature="LOGINFALLIDO()[pri:0, instance:test.test@7c51f34b]" started-at="2022-07-26T05:21:10Z" name="LOGINFALLIDO" finished-at="2022-07-26T05:21:26Z" duration-ms="15658" status="PASS">
          <reporter-output>
          </reporter-output>
        </test-method> <!-- LOGINFALLIDO -->
        <test-method is-config="true" signature="preparacion()[pri:0, instance:test.test@7c51f34b]" started-at="2022-07-26T05:21:26Z" name="preparacion" finished-at="2022-07-26T05:21:26Z" duration-ms="80" status="PASS">
          <reporter-output>
          </reporter-output>
        </test-method> <!-- preparacion -->
        <test-method signature="addCart()[pri:0, instance:test.test@7c51f34b]" started-at="2022-07-26T05:21:26Z" name="addCart" finished-at="2022-07-26T05:22:00Z" duration-ms="33975" status="PASS">
          <reporter-output>
          </reporter-output>
        </test-method> <!-- addCart -->
        <test-method is-config="true" signature="preparacion()[pri:0, instance:test.test@7c51f34b]" started-at="2022-07-26T05:22:00Z" name="preparacion" finished-at="2022-07-26T05:22:00Z" duration-ms="108" status="PASS">
          <reporter-output>
          </reporter-output>
        </test-method> <!-- preparacion -->
        <test-method signature="payCheckOut()[pri:0, instance:test.test@7c51f34b]" started-at="2022-07-26T05:22:00Z" name="payCheckOut" finished-at="2022-07-26T05:24:16Z" duration-ms="136010" status="FAIL">
          <exception class="org.openqa.selenium.TimeoutException">
            <message>
              <![CDATA[Expected condition failed: waiting for presence of element located by: By.xpath: //button[@id='add-to-cart-sauce-labs-backpack'] (tried for 120 second(s) with 500 milliseconds interval)]]>
            </message>
            <full-stacktrace>
              <![CDATA[org.openqa.selenium.TimeoutException: Expected condition failed: waiting for presence of element located by: By.xpath: //button[@id='add-to-cart-sauce-labs-backpack'] (tried for 120 second(s) with 500 milliseconds interval)
at org.openqa.selenium.support.ui.WebDriverWait.timeoutException(WebDriverWait.java:95)
at org.openqa.selenium.support.ui.FluentWait.until(FluentWait.java:272)
at Utils.BaseClass.explicitWait(BaseClass.java:59)
at pages.AddToCart.AddToCart(AddToCart.java:28)
at test.test.payCheckOut(test.java:92)
at java.base/jdk.internal.reflect.NativeMethodAccessorImpl.invoke0(Native Method)
at java.base/jdk.internal.reflect.NativeMethodAccessorImpl.invoke(NativeMethodAccessorImpl.java:62)
at java.base/jdk.internal.reflect.DelegatingMethodAccessorImpl.invoke(DelegatingMethodAccessorImpl.java:43)
at java.base/java.lang.reflect.Method.invoke(Method.java:566)
at org.testng.internal.MethodInvocationHelper.invokeMethod(MethodInvocationHelper.java:124)
at org.testng.internal.Invoker.invokeMethod(Invoker.java:583)
at org.testng.internal.Invoker.invokeTestMethod(Invoker.java:719)
at org.testng.internal.Invoker.invokeTestMethods(Invoker.java:989)
at org.testng.internal.TestMethodWorker.invokeTestMethods(TestMethodWorker.java:125)
at org.testng.internal.TestMethodWorker.run(TestMethodWorker.java:109)
at org.testng.TestRunner.privateRun(TestRunner.java:648)
at org.testng.TestRunner.run(TestRunner.java:505)
at org.testng.SuiteRunner.runTest(SuiteRunner.java:455)
at org.testng.SuiteRunner.runSequentially(SuiteRunner.java:450)
at org.testng.SuiteRunner.privateRun(SuiteRunner.java:415)
at org.testng.SuiteRunner.run(SuiteRunner.java:364)
at org.testng.SuiteRunnerWorker.runSuite(SuiteRunnerWorker.java:52)
at org.testng.SuiteRunnerWorker.run(SuiteRunnerWorker.java:84)
at org.testng.TestNG.runSuitesSequentially(TestNG.java:1208)
at org.testng.TestNG.runSuitesLocally(TestNG.java:1137)
at org.testng.TestNG.runSuites(TestNG.java:1049)
at org.testng.TestNG.run(TestNG.java:1017)
at org.apache.maven.surefire.testng.TestNGExecutor.run(TestNGExecutor.java:324)
at org.apache.maven.surefire.testng.TestNGXmlTestSuite.execute(TestNGXmlTestSuite.java:74)
at org.apache.maven.surefire.testng.TestNGProvider.invoke(TestNGProvider.java:123)
at org.apache.maven.surefire.booter.ForkedBooter.runSuitesInProcess(ForkedBooter.java:456)
at org.apache.maven.surefire.booter.ForkedBooter.execute(ForkedBooter.java:169)
at org.apache.maven.surefire.booter.ForkedBooter.run(ForkedBooter.java:595)
at org.apache.maven.surefire.booter.ForkedBooter.main(ForkedBooter.java:581)
Caused by: org.openqa.selenium.NoSuchElementException: no such element: Unable to locate element: {"method":"xpath","selector":"//button[@id='add-to-cart-sauce-labs-backpack']"}
  (Session info: chrome=103.0.5060.134)
For documentation on this error, please visit: https://www.seleniumhq.org/exceptions/no_such_element.html
Build info: version: '3.141.59', revision: 'e82be7d358', time: '2018-11-14T08:17:03'
System info: host: 'NBEXB53X45', ip: '192.168.1.27', os.name: 'Windows 10', os.arch: 'amd64', os.version: '10.0', java.version: '11.0.5'
Driver info: org.openqa.selenium.chrome.ChromeDriver
Capabilities {acceptInsecureCerts: false, browserName: chrome, browserVersion: 103.0.5060.134, chrome: {chromedriverVersion: 103.0.5060.134 (8ec6fce403b..., userDataDir: C:\Users\exrmirp\AppData\Lo...}, goog:chromeOptions: {debuggerAddress: localhost:65347}, javascriptEnabled: true, networkConnectionEnabled: false, pageLoadStrategy: normal, platform: WINDOWS, platformName: WINDOWS, proxy: Proxy(), setWindowRect: true, strictFileInteractability: false, timeouts: {implicit: 0, pageLoad: 300000, script: 30000}, unhandledPromptBehavior: dismiss and notify, webauthn:extension:credBlob: true, webauthn:extension:largeBlob: true, webauthn:virtualAuthenticators: true}
Session ID: e93bee0d325b30428725d24ecfc659ed
*** Element info: {Using=xpath, value=//button[@id='add-to-cart-sauce-labs-backpack']}
at jdk.internal.reflect.GeneratedConstructorAccessor21.newInstance(Unknown Source)
at java.base/jdk.internal.reflect.DelegatingConstructorAccessorImpl.newInstance(DelegatingConstructorAccessorImpl.java:45)
at java.base/java.lang.reflect.Constructor.newInstance(Constructor.java:490)
at org.openqa.selenium.remote.http.W3CHttpResponseCodec.createException(W3CHttpResponseCodec.java:187)
at org.openqa.selenium.remote.http.W3CHttpResponseCodec.decode(W3CHttpResponseCodec.java:122)
at org.openqa.selenium.remote.http.W3CHttpResponseCodec.decode(W3CHttpResponseCodec.java:49)
at org.openqa.selenium.remote.HttpCommandExecutor.execute(HttpCommandExecutor.java:158)
at org.openqa.selenium.remote.service.DriverCommandExecutor.execute(DriverCommandExecutor.java:83)
at org.openqa.selenium.remote.RemoteWebDriver.execute(RemoteWebDriver.java:552)
at org.openqa.selenium.remote.RemoteWebDriver.findElement(RemoteWebDriver.java:323)
at org.openqa.selenium.remote.RemoteWebDriver.findElementByXPath(RemoteWebDriver.java:428)
at org.openqa.selenium.By$ByXPath.findElement(By.java:353)
at org.openqa.selenium.remote.RemoteWebDriver.findElement(RemoteWebDriver.java:315)
at org.openqa.selenium.support.ui.ExpectedConditions$6.apply(ExpectedConditions.java:182)
at org.openqa.selenium.support.ui.ExpectedConditions$6.apply(ExpectedConditions.java:179)
at org.openqa.selenium.support.ui.FluentWait.until(FluentWait.java:249)
... 32 more
]]>
            </full-stacktrace>
          </exception> <!-- org.openqa.selenium.TimeoutException -->
          <reporter-output>
          </reporter-output>
        </test-method> <!-- payCheckOut -->
      </class> <!-- test.test -->
    </test> <!-- Casos de prueba -->
  </suite> <!-- Suite pruebas de regresión -->
</testng-results>
